CRITICAL - 2021-11-17 00:01:21 --> Class "App\Models\Main_Model" not found
#0 C:\xampp\htdocs\codeigniter_firstApp\system\CodeIgniter.php(824): App\Controllers\Home->index()
#1 C:\xampp\htdocs\codeigniter_firstApp\system\CodeIgniter.php(410): CodeIgniter\CodeIgniter->runController(Object(App\Controllers\Home))
#2 C:\xampp\htdocs\codeigniter_firstApp\system\CodeIgniter.php(318): CodeIgniter\CodeIgniter->handleRequest(NULL, Object(Config\Cache), false)
#3 C:\xampp\htdocs\codeigniter_firstApp\index.php(37): CodeIgniter\CodeIgniter->run()
#4 {main}
CRITICAL - 2021-11-17 00:05:04 --> Class "App\Models\Main_Model" not found
#0 C:\xampp\htdocs\codeigniter_firstApp\system\CodeIgniter.php(824): App\Controllers\Home->index()
#1 C:\xampp\htdocs\codeigniter_firstApp\system\CodeIgniter.php(410): CodeIgniter\CodeIgniter->runController(Object(App\Controllers\Home))
#2 C:\xampp\htdocs\codeigniter_firstApp\system\CodeIgniter.php(318): CodeIgniter\CodeIgniter->handleRequest(NULL, Object(Config\Cache), false)
#3 C:\xampp\htdocs\codeigniter_firstApp\index.php(37): CodeIgniter\CodeIgniter->run()
#4 {main}
CRITICAL - 2021-11-17 00:05:07 --> Class "App\Models\Main_Model" not found
#0 C:\xampp\htdocs\codeigniter_firstApp\system\CodeIgniter.php(824): App\Controllers\Home->index()
#1 C:\xampp\htdocs\codeigniter_firstApp\system\CodeIgniter.php(410): CodeIgniter\CodeIgniter->runController(Object(App\Controllers\Home))
#2 C:\xampp\htdocs\codeigniter_firstApp\system\CodeIgniter.php(318): CodeIgniter\CodeIgniter->handleRequest(NULL, Object(Config\Cache), false)
#3 C:\xampp\htdocs\codeigniter_firstApp\index.php(37): CodeIgniter\CodeIgniter->run()
#4 {main}
ERROR - 2021-11-17 00:06:54 --> Error connecting to the database: Unknown database 'firsttable'
CRITICAL - 2021-11-17 00:06:54 --> Unable to connect to the database.
Main connection [MySQLi]: Unknown database 'firsttable'
#0 C:\xampp\htdocs\codeigniter_firstApp\system\Database\BaseConnection.php(577): CodeIgniter\Database\BaseConnection->initialize()
#1 C:\xampp\htdocs\codeigniter_firstApp\system\Database\BaseBuilder.php(1527): CodeIgniter\Database\BaseConnection->query('SELECT COUNT(*)...', Array, false)
#2 C:\xampp\htdocs\codeigniter_firstApp\system\Model.php(509): CodeIgniter\Database\BaseBuilder->countAllResults(true)
#3 C:\xampp\htdocs\codeigniter_firstApp\system\Model.php(592): CodeIgniter\Model->countAllResults()
#4 C:\xampp\htdocs\codeigniter_firstApp\system\BaseModel.php(655): CodeIgniter\Model->shouldUpdate(Array)
#5 C:\xampp\htdocs\codeigniter_firstApp\app\Controllers\Home.php(15): CodeIgniter\BaseModel->save(Array)
#6 C:\xampp\htdocs\codeigniter_firstApp\system\CodeIgniter.php(824): App\Controllers\Home->index()
#7 C:\xampp\htdocs\codeigniter_firstApp\system\CodeIgniter.php(410): CodeIgniter\CodeIgniter->runController(Object(App\Controllers\Home))
#8 C:\xampp\htdocs\codeigniter_firstApp\system\CodeIgniter.php(318): CodeIgniter\CodeIgniter->handleRequest(NULL, Object(Config\Cache), false)
#9 C:\xampp\htdocs\codeigniter_firstApp\index.php(37): CodeIgniter\CodeIgniter->run()
#10 {main}
ERROR - 2021-11-17 00:11:20 --> Table 'firsttable.users' doesn't exist
CRITICAL - 2021-11-17 00:11:20 --> Table 'firsttable.users' doesn't exist
#0 C:\xampp\htdocs\codeigniter_firstApp\system\Database\MySQLi\Connection.php(292): mysqli->query('SELECT COUNT(*)...', 0)
#1 C:\xampp\htdocs\codeigniter_firstApp\system\Database\BaseConnection.php(670): CodeIgniter\Database\MySQLi\Connection->execute('SELECT COUNT(*)...')
#2 C:\xampp\htdocs\codeigniter_firstApp\system\Database\BaseConnection.php(598): CodeIgniter\Database\BaseConnection->simpleQuery('SELECT COUNT(*)...')
#3 C:\xampp\htdocs\codeigniter_firstApp\system\Database\BaseBuilder.php(1527): CodeIgniter\Database\BaseConnection->query('SELECT COUNT(*)...', Array, false)
#4 C:\xampp\htdocs\codeigniter_firstApp\system\Model.php(509): CodeIgniter\Database\BaseBuilder->countAllResults(true)
#5 C:\xampp\htdocs\codeigniter_firstApp\system\Model.php(592): CodeIgniter\Model->countAllResults()
#6 C:\xampp\htdocs\codeigniter_firstApp\system\BaseModel.php(655): CodeIgniter\Model->shouldUpdate(Array)
#7 C:\xampp\htdocs\codeigniter_firstApp\app\Controllers\Home.php(15): CodeIgniter\BaseModel->save(Array)
#8 C:\xampp\htdocs\codeigniter_firstApp\system\CodeIgniter.php(824): App\Controllers\Home->index()
#9 C:\xampp\htdocs\codeigniter_firstApp\system\CodeIgniter.php(410): CodeIgniter\CodeIgniter->runController(Object(App\Controllers\Home))
#10 C:\xampp\htdocs\codeigniter_firstApp\system\CodeIgniter.php(318): CodeIgniter\CodeIgniter->handleRequest(NULL, Object(Config\Cache), false)
#11 C:\xampp\htdocs\codeigniter_firstApp\index.php(37): CodeIgniter\CodeIgniter->run()
#12 {main}
ERROR - 2021-11-17 00:17:07 --> Duplicate entry '0' for key 'PRIMARY'
CRITICAL - 2021-11-17 00:17:07 --> Duplicate entry '0' for key 'PRIMARY'
#0 C:\xampp\htdocs\codeigniter_firstApp\system\Database\MySQLi\Connection.php(292): mysqli->query('INSERT INTO `fi...', 0)
#1 C:\xampp\htdocs\codeigniter_firstApp\system\Database\BaseConnection.php(670): CodeIgniter\Database\MySQLi\Connection->execute('INSERT INTO `fi...')
#2 C:\xampp\htdocs\codeigniter_firstApp\system\Database\BaseConnection.php(598): CodeIgniter\Database\BaseConnection->simpleQuery('INSERT INTO `fi...')
#3 C:\xampp\htdocs\codeigniter_firstApp\system\Database\BaseBuilder.php(1759): CodeIgniter\Database\BaseConnection->query('INSERT INTO `fi...', Array, false)
#4 C:\xampp\htdocs\codeigniter_firstApp\system\Model.php(239): CodeIgniter\Database\BaseBuilder->insert()
#5 C:\xampp\htdocs\codeigniter_firstApp\system\BaseModel.php(738): CodeIgniter\Model->doInsert(Array)
#6 C:\xampp\htdocs\codeigniter_firstApp\system\Model.php(620): CodeIgniter\BaseModel->insert(Array, false)
#7 C:\xampp\htdocs\codeigniter_firstApp\system\BaseModel.php(658): CodeIgniter\Model->insert(Array, false)
#8 C:\xampp\htdocs\codeigniter_firstApp\app\Controllers\Home.php(15): CodeIgniter\BaseModel->save(Array)
#9 C:\xampp\htdocs\codeigniter_firstApp\system\CodeIgniter.php(824): App\Controllers\Home->index()
#10 C:\xampp\htdocs\codeigniter_firstApp\system\CodeIgniter.php(410): CodeIgniter\CodeIgniter->runController(Object(App\Controllers\Home))
#11 C:\xampp\htdocs\codeigniter_firstApp\system\CodeIgniter.php(318): CodeIgniter\CodeIgniter->handleRequest(NULL, Object(Config\Cache), false)
#12 C:\xampp\htdocs\codeigniter_firstApp\index.php(37): CodeIgniter\CodeIgniter->run()
#13 {main}
ERROR - 2021-11-17 00:17:49 --> Duplicate entry '0' for key 'PRIMARY'
CRITICAL - 2021-11-17 00:17:49 --> Duplicate entry '0' for key 'PRIMARY'
#0 C:\xampp\htdocs\codeigniter_firstApp\system\Database\MySQLi\Connection.php(292): mysqli->query('INSERT INTO `fi...', 0)
#1 C:\xampp\htdocs\codeigniter_firstApp\system\Database\BaseConnection.php(670): CodeIgniter\Database\MySQLi\Connection->execute('INSERT INTO `fi...')
#2 C:\xampp\htdocs\codeigniter_firstApp\system\Database\BaseConnection.php(598): CodeIgniter\Database\BaseConnection->simpleQuery('INSERT INTO `fi...')
#3 C:\xampp\htdocs\codeigniter_firstApp\system\Database\BaseBuilder.php(1759): CodeIgniter\Database\BaseConnection->query('INSERT INTO `fi...', Array, false)
#4 C:\xampp\htdocs\codeigniter_firstApp\system\Model.php(239): CodeIgniter\Database\BaseBuilder->insert()
#5 C:\xampp\htdocs\codeigniter_firstApp\system\BaseModel.php(738): CodeIgniter\Model->doInsert(Array)
#6 C:\xampp\htdocs\codeigniter_firstApp\system\Model.php(620): CodeIgniter\BaseModel->insert(Array, false)
#7 C:\xampp\htdocs\codeigniter_firstApp\system\BaseModel.php(658): CodeIgniter\Model->insert(Array, false)
#8 C:\xampp\htdocs\codeigniter_firstApp\app\Controllers\Home.php(15): CodeIgniter\BaseModel->save(Array)
#9 C:\xampp\htdocs\codeigniter_firstApp\system\CodeIgniter.php(824): App\Controllers\Home->index()
#10 C:\xampp\htdocs\codeigniter_firstApp\system\CodeIgniter.php(410): CodeIgniter\CodeIgniter->runController(Object(App\Controllers\Home))
#11 C:\xampp\htdocs\codeigniter_firstApp\system\CodeIgniter.php(318): CodeIgniter\CodeIgniter->handleRequest(NULL, Object(Config\Cache), false)
#12 C:\xampp\htdocs\codeigniter_firstApp\index.php(37): CodeIgniter\CodeIgniter->run()
#13 {main}
ERROR - 2021-11-17 00:28:01 --> Duplicate entry '0' for key 'PRIMARY'
CRITICAL - 2021-11-17 00:28:01 --> Duplicate entry '0' for key 'PRIMARY'
#0 C:\xampp\htdocs\codeigniter_firstApp\system\Database\MySQLi\Connection.php(292): mysqli->query('INSERT INTO `fi...', 0)
#1 C:\xampp\htdocs\codeigniter_firstApp\system\Database\BaseConnection.php(670): CodeIgniter\Database\MySQLi\Connection->execute('INSERT INTO `fi...')
#2 C:\xampp\htdocs\codeigniter_firstApp\system\Database\BaseConnection.php(598): CodeIgniter\Database\BaseConnection->simpleQuery('INSERT INTO `fi...')
#3 C:\xampp\htdocs\codeigniter_firstApp\system\Database\BaseBuilder.php(1759): CodeIgniter\Database\BaseConnection->query('INSERT INTO `fi...', Array, false)
#4 C:\xampp\htdocs\codeigniter_firstApp\system\Model.php(239): CodeIgniter\Database\BaseBuilder->insert()
#5 C:\xampp\htdocs\codeigniter_firstApp\system\BaseModel.php(738): CodeIgniter\Model->doInsert(Array)
#6 C:\xampp\htdocs\codeigniter_firstApp\system\Model.php(620): CodeIgniter\BaseModel->insert(Array, false)
#7 C:\xampp\htdocs\codeigniter_firstApp\system\BaseModel.php(658): CodeIgniter\Model->insert(Array, false)
#8 C:\xampp\htdocs\codeigniter_firstApp\app\Controllers\Home.php(15): CodeIgniter\BaseModel->save(Array)
#9 C:\xampp\htdocs\codeigniter_firstApp\system\CodeIgniter.php(824): App\Controllers\Home->index()
#10 C:\xampp\htdocs\codeigniter_firstApp\system\CodeIgniter.php(410): CodeIgniter\CodeIgniter->runController(Object(App\Controllers\Home))
#11 C:\xampp\htdocs\codeigniter_firstApp\system\CodeIgniter.php(318): CodeIgniter\CodeIgniter->handleRequest(NULL, Object(Config\Cache), false)
#12 C:\xampp\htdocs\codeigniter_firstApp\index.php(37): CodeIgniter\CodeIgniter->run()
#13 {main}
ERROR - 2021-11-17 00:32:34 --> Duplicate entry '0' for key 'PRIMARY'
CRITICAL - 2021-11-17 00:32:34 --> Duplicate entry '0' for key 'PRIMARY'
#0 C:\xampp\htdocs\codeigniter_firstApp\system\Database\MySQLi\Connection.php(292): mysqli->query('INSERT INTO `fi...', 0)
#1 C:\xampp\htdocs\codeigniter_firstApp\system\Database\BaseConnection.php(670): CodeIgniter\Database\MySQLi\Connection->execute('INSERT INTO `fi...')
#2 C:\xampp\htdocs\codeigniter_firstApp\system\Database\BaseConnection.php(598): CodeIgniter\Database\BaseConnection->simpleQuery('INSERT INTO `fi...')
#3 C:\xampp\htdocs\codeigniter_firstApp\system\Database\BaseBuilder.php(1759): CodeIgniter\Database\BaseConnection->query('INSERT INTO `fi...', Array, false)
#4 C:\xampp\htdocs\codeigniter_firstApp\system\Model.php(239): CodeIgniter\Database\BaseBuilder->insert()
#5 C:\xampp\htdocs\codeigniter_firstApp\system\BaseModel.php(738): CodeIgniter\Model->doInsert(Array)
#6 C:\xampp\htdocs\codeigniter_firstApp\system\Model.php(620): CodeIgniter\BaseModel->insert(Array, false)
#7 C:\xampp\htdocs\codeigniter_firstApp\system\BaseModel.php(658): CodeIgniter\Model->insert(Array, false)
#8 C:\xampp\htdocs\codeigniter_firstApp\app\Controllers\Home.php(15): CodeIgniter\BaseModel->save(Array)
#9 C:\xampp\htdocs\codeigniter_firstApp\system\CodeIgniter.php(824): App\Controllers\Home->index()
#10 C:\xampp\htdocs\codeigniter_firstApp\system\CodeIgniter.php(410): CodeIgniter\CodeIgniter->runController(Object(App\Controllers\Home))
#11 C:\xampp\htdocs\codeigniter_firstApp\system\CodeIgniter.php(318): CodeIgniter\CodeIgniter->handleRequest(NULL, Object(Config\Cache), false)
#12 C:\xampp\htdocs\codeigniter_firstApp\index.php(37): CodeIgniter\CodeIgniter->run()
#13 {main}
CRITICAL - 2021-11-17 00:33:20 --> There is no data to update.
#0 C:\xampp\htdocs\codeigniter_firstApp\system\BaseModel.php(1574): CodeIgniter\Database\Exceptions\DataException::forEmptyDataset('update')
#1 C:\xampp\htdocs\codeigniter_firstApp\system\BaseModel.php(832): CodeIgniter\BaseModel->transformDataToArray(NULL, 'update')
#2 C:\xampp\htdocs\codeigniter_firstApp\system\Model.php(646): CodeIgniter\BaseModel->update(Array, NULL)
#3 C:\xampp\htdocs\codeigniter_firstApp\app\Controllers\Home.php(15): CodeIgniter\Model->update(Array)
#4 C:\xampp\htdocs\codeigniter_firstApp\system\CodeIgniter.php(824): App\Controllers\Home->index()
#5 C:\xampp\htdocs\codeigniter_firstApp\system\CodeIgniter.php(410): CodeIgniter\CodeIgniter->runController(Object(App\Controllers\Home))
#6 C:\xampp\htdocs\codeigniter_firstApp\system\CodeIgniter.php(318): CodeIgniter\CodeIgniter->handleRequest(NULL, Object(Config\Cache), false)
#7 C:\xampp\htdocs\codeigniter_firstApp\index.php(37): CodeIgniter\CodeIgniter->run()
#8 {main}
CRITICAL - 2021-11-17 00:46:06 --> syntax error, unexpected variable "$data"
#0 C:\xampp\htdocs\codeigniter_firstApp\system\Autoloader\Autoloader.php(241): CodeIgniter\Autoloader\Autoloader->includeFile('C:\\xampp\\htdocs...')
#1 C:\xampp\htdocs\codeigniter_firstApp\system\Autoloader\Autoloader.php(219): CodeIgniter\Autoloader\Autoloader->loadInNamespace('App\\Controllers...')
#2 [internal function]: CodeIgniter\Autoloader\Autoloader->loadClass('App\\Controllers...')
#3 C:\xampp\htdocs\codeigniter_firstApp\system\CodeIgniter.php(789): class_exists('\\App\\Controller...', true)
#4 C:\xampp\htdocs\codeigniter_firstApp\system\CodeIgniter.php(397): CodeIgniter\CodeIgniter->startController()
#5 C:\xampp\htdocs\codeigniter_firstApp\system\CodeIgniter.php(318): CodeIgniter\CodeIgniter->handleRequest(NULL, Object(Config\Cache), false)
#6 C:\xampp\htdocs\codeigniter_firstApp\index.php(37): CodeIgniter\CodeIgniter->run()
#7 {main}
CRITICAL - 2021-11-17 00:46:42 --> syntax error, unexpected variable "$data"
#0 C:\xampp\htdocs\codeigniter_firstApp\system\Autoloader\Autoloader.php(241): CodeIgniter\Autoloader\Autoloader->includeFile('C:\\xampp\\htdocs...')
#1 C:\xampp\htdocs\codeigniter_firstApp\system\Autoloader\Autoloader.php(219): CodeIgniter\Autoloader\Autoloader->loadInNamespace('App\\Controllers...')
#2 [internal function]: CodeIgniter\Autoloader\Autoloader->loadClass('App\\Controllers...')
#3 C:\xampp\htdocs\codeigniter_firstApp\system\CodeIgniter.php(789): class_exists('\\App\\Controller...', true)
#4 C:\xampp\htdocs\codeigniter_firstApp\system\CodeIgniter.php(397): CodeIgniter\CodeIgniter->startController()
#5 C:\xampp\htdocs\codeigniter_firstApp\system\CodeIgniter.php(318): CodeIgniter\CodeIgniter->handleRequest(NULL, Object(Config\Cache), false)
#6 C:\xampp\htdocs\codeigniter_firstApp\index.php(37): CodeIgniter\CodeIgniter->run()
#7 {main}
CRITICAL - 2021-11-17 00:47:06 --> syntax error, unexpected variable "$data"
#0 C:\xampp\htdocs\codeigniter_firstApp\system\Autoloader\Autoloader.php(241): CodeIgniter\Autoloader\Autoloader->includeFile('C:\\xampp\\htdocs...')
#1 C:\xampp\htdocs\codeigniter_firstApp\system\Autoloader\Autoloader.php(219): CodeIgniter\Autoloader\Autoloader->loadInNamespace('App\\Controllers...')
#2 [internal function]: CodeIgniter\Autoloader\Autoloader->loadClass('App\\Controllers...')
#3 C:\xampp\htdocs\codeigniter_firstApp\system\CodeIgniter.php(789): class_exists('\\App\\Controller...', true)
#4 C:\xampp\htdocs\codeigniter_firstApp\system\CodeIgniter.php(397): CodeIgniter\CodeIgniter->startController()
#5 C:\xampp\htdocs\codeigniter_firstApp\system\CodeIgniter.php(318): CodeIgniter\CodeIgniter->handleRequest(NULL, Object(Config\Cache), false)
#6 C:\xampp\htdocs\codeigniter_firstApp\index.php(37): CodeIgniter\CodeIgniter->run()
#7 {main}
CRITICAL - 2021-11-17 00:56:13 --> syntax error, unexpected identifier "print_r"
#0 C:\xampp\htdocs\codeigniter_firstApp\system\Autoloader\Autoloader.php(241): CodeIgniter\Autoloader\Autoloader->includeFile('C:\\xampp\\htdocs...')
#1 C:\xampp\htdocs\codeigniter_firstApp\system\Autoloader\Autoloader.php(219): CodeIgniter\Autoloader\Autoloader->loadInNamespace('App\\Controllers...')
#2 [internal function]: CodeIgniter\Autoloader\Autoloader->loadClass('App\\Controllers...')
#3 C:\xampp\htdocs\codeigniter_firstApp\system\CodeIgniter.php(789): class_exists('\\App\\Controller...', true)
#4 C:\xampp\htdocs\codeigniter_firstApp\system\CodeIgniter.php(397): CodeIgniter\CodeIgniter->startController()
#5 C:\xampp\htdocs\codeigniter_firstApp\system\CodeIgniter.php(318): CodeIgniter\CodeIgniter->handleRequest(NULL, Object(Config\Cache), false)
#6 C:\xampp\htdocs\codeigniter_firstApp\index.php(37): CodeIgniter\CodeIgniter->run()
#7 {main}
CRITICAL - 2021-11-17 00:56:16 --> syntax error, unexpected identifier "print_r"
#0 C:\xampp\htdocs\codeigniter_firstApp\system\Autoloader\Autoloader.php(241): CodeIgniter\Autoloader\Autoloader->includeFile('C:\\xampp\\htdocs...')
#1 C:\xampp\htdocs\codeigniter_firstApp\system\Autoloader\Autoloader.php(219): CodeIgniter\Autoloader\Autoloader->loadInNamespace('App\\Controllers...')
#2 [internal function]: CodeIgniter\Autoloader\Autoloader->loadClass('App\\Controllers...')
#3 C:\xampp\htdocs\codeigniter_firstApp\system\CodeIgniter.php(789): class_exists('\\App\\Controller...', true)
#4 C:\xampp\htdocs\codeigniter_firstApp\system\CodeIgniter.php(397): CodeIgniter\CodeIgniter->startController()
#5 C:\xampp\htdocs\codeigniter_firstApp\system\CodeIgniter.php(318): CodeIgniter\CodeIgniter->handleRequest(NULL, Object(Config\Cache), false)
#6 C:\xampp\htdocs\codeigniter_firstApp\index.php(37): CodeIgniter\CodeIgniter->run()
#7 {main}
ERROR - 2021-11-17 02:09:20 --> Duplicate entry '0' for key 'PRIMARY'
CRITICAL - 2021-11-17 02:09:20 --> Duplicate entry '0' for key 'PRIMARY'
#0 C:\xampp\htdocs\codeigniter_firstApp\system\Database\MySQLi\Connection.php(292): mysqli->query('INSERT INTO `fi...', 0)
#1 C:\xampp\htdocs\codeigniter_firstApp\system\Database\BaseConnection.php(670): CodeIgniter\Database\MySQLi\Connection->execute('INSERT INTO `fi...')
#2 C:\xampp\htdocs\codeigniter_firstApp\system\Database\BaseConnection.php(598): CodeIgniter\Database\BaseConnection->simpleQuery('INSERT INTO `fi...')
#3 C:\xampp\htdocs\codeigniter_firstApp\system\Database\BaseBuilder.php(1759): CodeIgniter\Database\BaseConnection->query('INSERT INTO `fi...', Array, false)
#4 C:\xampp\htdocs\codeigniter_firstApp\system\Model.php(239): CodeIgniter\Database\BaseBuilder->insert()
#5 C:\xampp\htdocs\codeigniter_firstApp\system\BaseModel.php(738): CodeIgniter\Model->doInsert(Array)
#6 C:\xampp\htdocs\codeigniter_firstApp\system\Model.php(620): CodeIgniter\BaseModel->insert(Array, false)
#7 C:\xampp\htdocs\codeigniter_firstApp\system\BaseModel.php(658): CodeIgniter\Model->insert(Array, false)
#8 C:\xampp\htdocs\codeigniter_firstApp\app\Controllers\Home.php(16): CodeIgniter\BaseModel->save(Array)
#9 C:\xampp\htdocs\codeigniter_firstApp\system\CodeIgniter.php(824): App\Controllers\Home->index()
#10 C:\xampp\htdocs\codeigniter_firstApp\system\CodeIgniter.php(410): CodeIgniter\CodeIgniter->runController(Object(App\Controllers\Home))
#11 C:\xampp\htdocs\codeigniter_firstApp\system\CodeIgniter.php(318): CodeIgniter\CodeIgniter->handleRequest(NULL, Object(Config\Cache), false)
#12 C:\xampp\htdocs\codeigniter_firstApp\index.php(37): CodeIgniter\CodeIgniter->run()
#13 {main}
CRITICAL - 2021-11-17 02:50:29 --> Undefined constant "App\Controllers\Main_View"
#0 C:\xampp\htdocs\codeigniter_firstApp\system\CodeIgniter.php(824): App\Controllers\Home->index()
#1 C:\xampp\htdocs\codeigniter_firstApp\system\CodeIgniter.php(410): CodeIgniter\CodeIgniter->runController(Object(App\Controllers\Home))
#2 C:\xampp\htdocs\codeigniter_firstApp\system\CodeIgniter.php(318): CodeIgniter\CodeIgniter->handleRequest(NULL, Object(Config\Cache), false)
#3 C:\xampp\htdocs\codeigniter_firstApp\index.php(37): CodeIgniter\CodeIgniter->run()
#4 {main}
CRITICAL - 2021-11-17 02:53:59 --> Undefined variable $data
#0 C:\xampp\htdocs\codeigniter_firstApp\app\Controllers\Home.php(16): CodeIgniter\Debug\Exceptions->errorHandler(2, 'Undefined varia...', 'C:\\xampp\\htdocs...', 16)
#1 C:\xampp\htdocs\codeigniter_firstApp\system\CodeIgniter.php(824): App\Controllers\Home->index()
#2 C:\xampp\htdocs\codeigniter_firstApp\system\CodeIgniter.php(410): CodeIgniter\CodeIgniter->runController(Object(App\Controllers\Home))
#3 C:\xampp\htdocs\codeigniter_firstApp\system\CodeIgniter.php(318): CodeIgniter\CodeIgniter->handleRequest(NULL, Object(Config\Cache), false)
#4 C:\xampp\htdocs\codeigniter_firstApp\index.php(37): CodeIgniter\CodeIgniter->run()
#5 {main}
CRITICAL - 2021-11-17 02:58:06 --> Cannot access protected property CodeIgniter\HTTP\IncomingRequest::$method
#0 C:\xampp\htdocs\codeigniter_firstApp\system\CodeIgniter.php(824): App\Controllers\Home->index()
#1 C:\xampp\htdocs\codeigniter_firstApp\system\CodeIgniter.php(410): CodeIgniter\CodeIgniter->runController(Object(App\Controllers\Home))
#2 C:\xampp\htdocs\codeigniter_firstApp\system\CodeIgniter.php(318): CodeIgniter\CodeIgniter->handleRequest(NULL, Object(Config\Cache), false)
#3 C:\xampp\htdocs\codeigniter_firstApp\index.php(37): CodeIgniter\CodeIgniter->run()
#4 {main}
CRITICAL - 2021-11-17 02:58:44 --> Undefined property: CodeIgniter\HTTP\IncomingRequest::$getMethod
#0 C:\xampp\htdocs\codeigniter_firstApp\app\Controllers\Home.php(15): CodeIgniter\Debug\Exceptions->errorHandler(2, 'Undefined prope...', 'C:\\xampp\\htdocs...', 15)
#1 C:\xampp\htdocs\codeigniter_firstApp\system\CodeIgniter.php(824): App\Controllers\Home->index()
#2 C:\xampp\htdocs\codeigniter_firstApp\system\CodeIgniter.php(410): CodeIgniter\CodeIgniter->runController(Object(App\Controllers\Home))
#3 C:\xampp\htdocs\codeigniter_firstApp\system\CodeIgniter.php(318): CodeIgniter\CodeIgniter->handleRequest(NULL, Object(Config\Cache), false)
#4 C:\xampp\htdocs\codeigniter_firstApp\index.php(37): CodeIgniter\CodeIgniter->run()
#5 {main}
ERROR - 2021-11-17 03:00:39 --> Duplicate entry '0' for key 'PRIMARY'
CRITICAL - 2021-11-17 03:00:39 --> Duplicate entry '0' for key 'PRIMARY'
#0 C:\xampp\htdocs\codeigniter_firstApp\system\Database\MySQLi\Connection.php(292): mysqli->query('INSERT INTO `fi...', 0)
#1 C:\xampp\htdocs\codeigniter_firstApp\system\Database\BaseConnection.php(670): CodeIgniter\Database\MySQLi\Connection->execute('INSERT INTO `fi...')
#2 C:\xampp\htdocs\codeigniter_firstApp\system\Database\BaseConnection.php(598): CodeIgniter\Database\BaseConnection->simpleQuery('INSERT INTO `fi...')
#3 C:\xampp\htdocs\codeigniter_firstApp\system\Database\BaseBuilder.php(1759): CodeIgniter\Database\BaseConnection->query('INSERT INTO `fi...', Array, false)
#4 C:\xampp\htdocs\codeigniter_firstApp\system\Model.php(239): CodeIgniter\Database\BaseBuilder->insert()
#5 C:\xampp\htdocs\codeigniter_firstApp\system\BaseModel.php(738): CodeIgniter\Model->doInsert(Array)
#6 C:\xampp\htdocs\codeigniter_firstApp\system\Model.php(620): CodeIgniter\BaseModel->insert(Array, false)
#7 C:\xampp\htdocs\codeigniter_firstApp\system\BaseModel.php(658): CodeIgniter\Model->insert(Array, false)
#8 C:\xampp\htdocs\codeigniter_firstApp\app\Controllers\Home.php(18): CodeIgniter\BaseModel->save(Array)
#9 C:\xampp\htdocs\codeigniter_firstApp\system\CodeIgniter.php(824): App\Controllers\Home->index()
#10 C:\xampp\htdocs\codeigniter_firstApp\system\CodeIgniter.php(410): CodeIgniter\CodeIgniter->runController(Object(App\Controllers\Home))
#11 C:\xampp\htdocs\codeigniter_firstApp\system\CodeIgniter.php(318): CodeIgniter\CodeIgniter->handleRequest(NULL, Object(Config\Cache), false)
#12 C:\xampp\htdocs\codeigniter_firstApp\index.php(37): CodeIgniter\CodeIgniter->run()
#13 {main}
CRITICAL - 2021-11-17 03:01:13 --> print_r() expects at least 1 argument, 0 given
#0 C:\xampp\htdocs\codeigniter_firstApp\app\Controllers\Home.php(20): print_r()
#1 C:\xampp\htdocs\codeigniter_firstApp\system\CodeIgniter.php(824): App\Controllers\Home->index()
#2 C:\xampp\htdocs\codeigniter_firstApp\system\CodeIgniter.php(410): CodeIgniter\CodeIgniter->runController(Object(App\Controllers\Home))
#3 C:\xampp\htdocs\codeigniter_firstApp\system\CodeIgniter.php(318): CodeIgniter\CodeIgniter->handleRequest(NULL, Object(Config\Cache), false)
#4 C:\xampp\htdocs\codeigniter_firstApp\index.php(37): CodeIgniter\CodeIgniter->run()
#5 {main}
ERROR - 2021-11-17 03:46:19 --> Duplicate entry '0' for key 'PRIMARY'
CRITICAL - 2021-11-17 03:46:19 --> Duplicate entry '0' for key 'PRIMARY'
#0 C:\xampp\htdocs\codeigniter_firstApp\system\Database\MySQLi\Connection.php(292): mysqli->query('INSERT INTO `fi...', 0)
#1 C:\xampp\htdocs\codeigniter_firstApp\system\Database\BaseConnection.php(670): CodeIgniter\Database\MySQLi\Connection->execute('INSERT INTO `fi...')
#2 C:\xampp\htdocs\codeigniter_firstApp\system\Database\BaseConnection.php(598): CodeIgniter\Database\BaseConnection->simpleQuery('INSERT INTO `fi...')
#3 C:\xampp\htdocs\codeigniter_firstApp\system\Database\BaseBuilder.php(1759): CodeIgniter\Database\BaseConnection->query('INSERT INTO `fi...', Array, false)
#4 C:\xampp\htdocs\codeigniter_firstApp\system\Model.php(239): CodeIgniter\Database\BaseBuilder->insert()
#5 C:\xampp\htdocs\codeigniter_firstApp\system\BaseModel.php(738): CodeIgniter\Model->doInsert(Array)
#6 C:\xampp\htdocs\codeigniter_firstApp\system\Model.php(620): CodeIgniter\BaseModel->insert(Array, false)
#7 C:\xampp\htdocs\codeigniter_firstApp\system\BaseModel.php(658): CodeIgniter\Model->insert(Array, false)
#8 C:\xampp\htdocs\codeigniter_firstApp\app\Controllers\Home.php(18): CodeIgniter\BaseModel->save(Array)
#9 C:\xampp\htdocs\codeigniter_firstApp\system\CodeIgniter.php(824): App\Controllers\Home->index()
#10 C:\xampp\htdocs\codeigniter_firstApp\system\CodeIgniter.php(410): CodeIgniter\CodeIgniter->runController(Object(App\Controllers\Home))
#11 C:\xampp\htdocs\codeigniter_firstApp\system\CodeIgniter.php(318): CodeIgniter\CodeIgniter->handleRequest(NULL, Object(Config\Cache), false)
#12 C:\xampp\htdocs\codeigniter_firstApp\index.php(37): CodeIgniter\CodeIgniter->run()
#13 {main}
ERROR - 2021-11-17 03:46:52 --> Duplicate entry '0' for key 'PRIMARY'
CRITICAL - 2021-11-17 03:46:52 --> Duplicate entry '0' for key 'PRIMARY'
#0 C:\xampp\htdocs\codeigniter_firstApp\system\Database\MySQLi\Connection.php(292): mysqli->query('INSERT INTO `fi...', 0)
#1 C:\xampp\htdocs\codeigniter_firstApp\system\Database\BaseConnection.php(670): CodeIgniter\Database\MySQLi\Connection->execute('INSERT INTO `fi...')
#2 C:\xampp\htdocs\codeigniter_firstApp\system\Database\BaseConnection.php(598): CodeIgniter\Database\BaseConnection->simpleQuery('INSERT INTO `fi...')
#3 C:\xampp\htdocs\codeigniter_firstApp\system\Database\BaseBuilder.php(1759): CodeIgniter\Database\BaseConnection->query('INSERT INTO `fi...', Array, false)
#4 C:\xampp\htdocs\codeigniter_firstApp\system\Model.php(239): CodeIgniter\Database\BaseBuilder->insert()
#5 C:\xampp\htdocs\codeigniter_firstApp\system\BaseModel.php(738): CodeIgniter\Model->doInsert(Array)
#6 C:\xampp\htdocs\codeigniter_firstApp\system\Model.php(620): CodeIgniter\BaseModel->insert(Array, false)
#7 C:\xampp\htdocs\codeigniter_firstApp\system\BaseModel.php(658): CodeIgniter\Model->insert(Array, false)
#8 C:\xampp\htdocs\codeigniter_firstApp\app\Controllers\Home.php(18): CodeIgniter\BaseModel->save(Array)
#9 C:\xampp\htdocs\codeigniter_firstApp\system\CodeIgniter.php(824): App\Controllers\Home->index()
#10 C:\xampp\htdocs\codeigniter_firstApp\system\CodeIgniter.php(410): CodeIgniter\CodeIgniter->runController(Object(App\Controllers\Home))
#11 C:\xampp\htdocs\codeigniter_firstApp\system\CodeIgniter.php(318): CodeIgniter\CodeIgniter->handleRequest(NULL, Object(Config\Cache), false)
#12 C:\xampp\htdocs\codeigniter_firstApp\index.php(37): CodeIgniter\CodeIgniter->run()
#13 {main}
ERROR - 2021-11-17 03:47:39 --> Duplicate entry '0' for key 'PRIMARY'
CRITICAL - 2021-11-17 03:47:39 --> Duplicate entry '0' for key 'PRIMARY'
#0 C:\xampp\htdocs\codeigniter_firstApp\system\Database\MySQLi\Connection.php(292): mysqli->query('INSERT INTO `fi...', 0)
#1 C:\xampp\htdocs\codeigniter_firstApp\system\Database\BaseConnection.php(670): CodeIgniter\Database\MySQLi\Connection->execute('INSERT INTO `fi...')
#2 C:\xampp\htdocs\codeigniter_firstApp\system\Database\BaseConnection.php(598): CodeIgniter\Database\BaseConnection->simpleQuery('INSERT INTO `fi...')
#3 C:\xampp\htdocs\codeigniter_firstApp\system\Database\BaseBuilder.php(1759): CodeIgniter\Database\BaseConnection->query('INSERT INTO `fi...', Array, false)
#4 C:\xampp\htdocs\codeigniter_firstApp\system\Model.php(239): CodeIgniter\Database\BaseBuilder->insert()
#5 C:\xampp\htdocs\codeigniter_firstApp\system\BaseModel.php(738): CodeIgniter\Model->doInsert(Array)
#6 C:\xampp\htdocs\codeigniter_firstApp\system\Model.php(620): CodeIgniter\BaseModel->insert(Array, false)
#7 C:\xampp\htdocs\codeigniter_firstApp\system\BaseModel.php(658): CodeIgniter\Model->insert(Array, false)
#8 C:\xampp\htdocs\codeigniter_firstApp\app\Controllers\Home.php(18): CodeIgniter\BaseModel->save(Array)
#9 C:\xampp\htdocs\codeigniter_firstApp\system\CodeIgniter.php(824): App\Controllers\Home->index()
#10 C:\xampp\htdocs\codeigniter_firstApp\system\CodeIgniter.php(410): CodeIgniter\CodeIgniter->runController(Object(App\Controllers\Home))
#11 C:\xampp\htdocs\codeigniter_firstApp\system\CodeIgniter.php(318): CodeIgniter\CodeIgniter->handleRequest(NULL, Object(Config\Cache), false)
#12 C:\xampp\htdocs\codeigniter_firstApp\index.php(37): CodeIgniter\CodeIgniter->run()
#13 {main}
CRITICAL - 2021-11-17 04:31:59 --> Undefined constant "row"
#0 C:\xampp\htdocs\codeigniter_firstApp\system\View\View.php(214): include()
#1 C:\xampp\htdocs\codeigniter_firstApp\system\View\View.php(217): CodeIgniter\View\View->CodeIgniter\View\{closure}()
#2 C:\xampp\htdocs\codeigniter_firstApp\system\Common.php(1097): CodeIgniter\View\View->render('Main_View', Array, true)
#3 C:\xampp\htdocs\codeigniter_firstApp\app\Controllers\Home.php(25): view('Main_View', Array)
#4 C:\xampp\htdocs\codeigniter_firstApp\system\CodeIgniter.php(824): App\Controllers\Home->index()
#5 C:\xampp\htdocs\codeigniter_firstApp\system\CodeIgniter.php(410): CodeIgniter\CodeIgniter->runController(Object(App\Controllers\Home))
#6 C:\xampp\htdocs\codeigniter_firstApp\system\CodeIgniter.php(318): CodeIgniter\CodeIgniter->handleRequest(NULL, Object(Config\Cache), false)
#7 C:\xampp\htdocs\codeigniter_firstApp\index.php(37): CodeIgniter\CodeIgniter->run()
#8 {main}
CRITICAL - 2021-11-17 04:43:50 --> syntax error, unexpected string content "", expecting "-" or identifier or variable or number
#0 C:\xampp\htdocs\codeigniter_firstApp\system\View\View.php(217): CodeIgniter\View\View->CodeIgniter\View\{closure}()
#1 C:\xampp\htdocs\codeigniter_firstApp\system\Common.php(1097): CodeIgniter\View\View->render('Main_View', Array, true)
#2 C:\xampp\htdocs\codeigniter_firstApp\app\Controllers\Home.php(25): view('Main_View', Array)
#3 C:\xampp\htdocs\codeigniter_firstApp\system\CodeIgniter.php(824): App\Controllers\Home->index()
#4 C:\xampp\htdocs\codeigniter_firstApp\system\CodeIgniter.php(410): CodeIgniter\CodeIgniter->runController(Object(App\Controllers\Home))
#5 C:\xampp\htdocs\codeigniter_firstApp\system\CodeIgniter.php(318): CodeIgniter\CodeIgniter->handleRequest(NULL, Object(Config\Cache), false)
#6 C:\xampp\htdocs\codeigniter_firstApp\index.php(37): CodeIgniter\CodeIgniter->run()
#7 {main}
