CRITICAL - 2022-01-14 03:28:01 --> syntax error, unexpected token "}", expecting "," or ";"
#0 C:\xampp\htdocs\tcpdf_App\system\Autoloader\Autoloader.php(241): CodeIgniter\Autoloader\Autoloader->includeFile('C:\\xampp\\htdocs...')
#1 C:\xampp\htdocs\tcpdf_App\system\Autoloader\Autoloader.php(219): CodeIgniter\Autoloader\Autoloader->loadInNamespace('App\\Controllers...')
#2 [internal function]: CodeIgniter\Autoloader\Autoloader->loadClass('App\\Controllers...')
#3 C:\xampp\htdocs\tcpdf_App\system\CodeIgniter.php(789): class_exists('\\App\\Controller...', true)
#4 C:\xampp\htdocs\tcpdf_App\system\CodeIgniter.php(397): CodeIgniter\CodeIgniter->startController()
#5 C:\xampp\htdocs\tcpdf_App\system\CodeIgniter.php(318): CodeIgniter\CodeIgniter->handleRequest(NULL, Object(Config\Cache), false)
#6 C:\xampp\htdocs\tcpdf_App\index.php(37): CodeIgniter\CodeIgniter->run()
#7 {main}
CRITICAL - 2022-01-14 03:43:53 --> Undefined property: App\Controllers\Home::$load
#0 C:\xampp\htdocs\tcpdf_App\app\Controllers\Home.php(13): CodeIgniter\Debug\Exceptions->errorHandler(2, 'Undefined prope...', 'C:\\xampp\\htdocs...', 13)
#1 C:\xampp\htdocs\tcpdf_App\system\CodeIgniter.php(824): App\Controllers\Home->index()
#2 C:\xampp\htdocs\tcpdf_App\system\CodeIgniter.php(410): CodeIgniter\CodeIgniter->runController(Object(App\Controllers\Home))
#3 C:\xampp\htdocs\tcpdf_App\system\CodeIgniter.php(318): CodeIgniter\CodeIgniter->handleRequest(NULL, Object(Config\Cache), false)
#4 C:\xampp\htdocs\tcpdf_App\index.php(37): CodeIgniter\CodeIgniter->run()
#5 {main}
CRITICAL - 2022-01-14 04:06:29 --> Class "TCPDF" not found
#0 C:\xampp\htdocs\tcpdf_App\system\View\View.php(214): include()
#1 C:\xampp\htdocs\tcpdf_App\system\View\View.php(217): CodeIgniter\View\View->CodeIgniter\View\{closure}()
#2 C:\xampp\htdocs\tcpdf_App\system\Common.php(1097): CodeIgniter\View\View->render('LoginForm', Array, true)
#3 C:\xampp\htdocs\tcpdf_App\app\Controllers\Home.php(16): view('LoginForm')
#4 C:\xampp\htdocs\tcpdf_App\system\CodeIgniter.php(824): App\Controllers\Home->index()
#5 C:\xampp\htdocs\tcpdf_App\system\CodeIgniter.php(410): CodeIgniter\CodeIgniter->runController(Object(App\Controllers\Home))
#6 C:\xampp\htdocs\tcpdf_App\system\CodeIgniter.php(318): CodeIgniter\CodeIgniter->handleRequest(NULL, Object(Config\Cache), false)
#7 C:\xampp\htdocs\tcpdf_App\index.php(37): CodeIgniter\CodeIgniter->run()
#8 {main}
CRITICAL - 2022-01-14 04:07:49 --> Class "App\Controllers\TCPDF" not found
#0 C:\xampp\htdocs\tcpdf_App\system\CodeIgniter.php(824): App\Controllers\Home->index()
#1 C:\xampp\htdocs\tcpdf_App\system\CodeIgniter.php(410): CodeIgniter\CodeIgniter->runController(Object(App\Controllers\Home))
#2 C:\xampp\htdocs\tcpdf_App\system\CodeIgniter.php(318): CodeIgniter\CodeIgniter->handleRequest(NULL, Object(Config\Cache), false)
#3 C:\xampp\htdocs\tcpdf_App\index.php(37): CodeIgniter\CodeIgniter->run()
#4 {main}
CRITICAL - 2022-01-14 04:09:49 --> require_once(tcpdf_include.php): Failed to open stream: No such file or directory
#0 C:\xampp\htdocs\tcpdf_App\app\Controllers\Home.php(15): CodeIgniter\Debug\Exceptions->errorHandler(2, 'require_once(tc...', 'C:\\xampp\\htdocs...', 15)
#1 C:\xampp\htdocs\tcpdf_App\app\Controllers\Home.php(15): require_once()
#2 C:\xampp\htdocs\tcpdf_App\system\CodeIgniter.php(824): App\Controllers\Home->index()
#3 C:\xampp\htdocs\tcpdf_App\system\CodeIgniter.php(410): CodeIgniter\CodeIgniter->runController(Object(App\Controllers\Home))
#4 C:\xampp\htdocs\tcpdf_App\system\CodeIgniter.php(318): CodeIgniter\CodeIgniter->handleRequest(NULL, Object(Config\Cache), false)
#5 C:\xampp\htdocs\tcpdf_App\index.php(37): CodeIgniter\CodeIgniter->run()
#6 {main}
CRITICAL - 2022-01-14 04:15:27 --> Class "TCPDF" not found
#0 C:\xampp\htdocs\tcpdf_App\system\CodeIgniter.php(824): App\Controllers\Home->index()
#1 C:\xampp\htdocs\tcpdf_App\system\CodeIgniter.php(410): CodeIgniter\CodeIgniter->runController(Object(App\Controllers\Home))
#2 C:\xampp\htdocs\tcpdf_App\system\CodeIgniter.php(318): CodeIgniter\CodeIgniter->handleRequest(NULL, Object(Config\Cache), false)
#3 C:\xampp\htdocs\tcpdf_App\index.php(37): CodeIgniter\CodeIgniter->run()
#4 {main}
CRITICAL - 2022-01-14 04:17:50 --> Class "TCPDF" not found
#0 C:\xampp\htdocs\tcpdf_App\system\CodeIgniter.php(824): App\Controllers\Home->index()
#1 C:\xampp\htdocs\tcpdf_App\system\CodeIgniter.php(410): CodeIgniter\CodeIgniter->runController(Object(App\Controllers\Home))
#2 C:\xampp\htdocs\tcpdf_App\system\CodeIgniter.php(318): CodeIgniter\CodeIgniter->handleRequest(NULL, Object(Config\Cache), false)
#3 C:\xampp\htdocs\tcpdf_App\index.php(37): CodeIgniter\CodeIgniter->run()
#4 {main}
CRITICAL - 2022-01-14 04:18:22 --> Class "TCPDF" not found
#0 C:\xampp\htdocs\tcpdf_App\system\CodeIgniter.php(824): App\Controllers\Home->index()
#1 C:\xampp\htdocs\tcpdf_App\system\CodeIgniter.php(410): CodeIgniter\CodeIgniter->runController(Object(App\Controllers\Home))
#2 C:\xampp\htdocs\tcpdf_App\system\CodeIgniter.php(318): CodeIgniter\CodeIgniter->handleRequest(NULL, Object(Config\Cache), false)
#3 C:\xampp\htdocs\tcpdf_App\index.php(37): CodeIgniter\CodeIgniter->run()
#4 {main}
CRITICAL - 2022-01-14 04:20:43 --> Class "TCPDF" not found
#0 C:\xampp\htdocs\tcpdf_App\system\CodeIgniter.php(824): App\Controllers\Home->index()
#1 C:\xampp\htdocs\tcpdf_App\system\CodeIgniter.php(410): CodeIgniter\CodeIgniter->runController(Object(App\Controllers\Home))
#2 C:\xampp\htdocs\tcpdf_App\system\CodeIgniter.php(318): CodeIgniter\CodeIgniter->handleRequest(NULL, Object(Config\Cache), false)
#3 C:\xampp\htdocs\tcpdf_App\index.php(37): CodeIgniter\CodeIgniter->run()
#4 {main}
CRITICAL - 2022-01-14 04:36:17 --> Class "App\Libraries\TCPDF" not found
#0 C:\xampp\htdocs\tcpdf_App\system\CodeIgniter.php(824): App\Controllers\Home->index()
#1 C:\xampp\htdocs\tcpdf_App\system\CodeIgniter.php(410): CodeIgniter\CodeIgniter->runController(Object(App\Controllers\Home))
#2 C:\xampp\htdocs\tcpdf_App\system\CodeIgniter.php(318): CodeIgniter\CodeIgniter->handleRequest(NULL, Object(Config\Cache), false)
#3 C:\xampp\htdocs\tcpdf_App\index.php(37): CodeIgniter\CodeIgniter->run()
#4 {main}
CRITICAL - 2022-01-14 04:38:40 --> Class "App\Libraries\tcpdf" not found
#0 C:\xampp\htdocs\tcpdf_App\system\CodeIgniter.php(824): App\Controllers\Home->index()
#1 C:\xampp\htdocs\tcpdf_App\system\CodeIgniter.php(410): CodeIgniter\CodeIgniter->runController(Object(App\Controllers\Home))
#2 C:\xampp\htdocs\tcpdf_App\system\CodeIgniter.php(318): CodeIgniter\CodeIgniter->handleRequest(NULL, Object(Config\Cache), false)
#3 C:\xampp\htdocs\tcpdf_App\index.php(37): CodeIgniter\CodeIgniter->run()
#4 {main}
CRITICAL - 2022-01-14 04:39:27 --> Class "App\Libraries\TCPDF" not found
#0 C:\xampp\htdocs\tcpdf_App\system\CodeIgniter.php(824): App\Controllers\Home->index()
#1 C:\xampp\htdocs\tcpdf_App\system\CodeIgniter.php(410): CodeIgniter\CodeIgniter->runController(Object(App\Controllers\Home))
#2 C:\xampp\htdocs\tcpdf_App\system\CodeIgniter.php(318): CodeIgniter\CodeIgniter->handleRequest(NULL, Object(Config\Cache), false)
#3 C:\xampp\htdocs\tcpdf_App\index.php(37): CodeIgniter\CodeIgniter->run()
#4 {main}
CRITICAL - 2022-01-14 04:40:35 --> define() expects at least 2 arguments, 1 given
#0 C:\xampp\htdocs\tcpdf_App\app\Libraries\pdf.php(1): define('BASEPATH')
#1 C:\xampp\htdocs\tcpdf_App\system\Autoloader\Autoloader.php(264): include_once('C:\\xampp\\htdocs...')
#2 C:\xampp\htdocs\tcpdf_App\system\Autoloader\Autoloader.php(241): CodeIgniter\Autoloader\Autoloader->includeFile('C:\\xampp\\htdocs...')
#3 C:\xampp\htdocs\tcpdf_App\system\Autoloader\Autoloader.php(219): CodeIgniter\Autoloader\Autoloader->loadInNamespace('App\\Libraries\\p...')
#4 C:\xampp\htdocs\tcpdf_App\app\Controllers\Home.php(16): CodeIgniter\Autoloader\Autoloader->loadClass('App\\Libraries\\p...')
#5 C:\xampp\htdocs\tcpdf_App\system\CodeIgniter.php(824): App\Controllers\Home->index()
#6 C:\xampp\htdocs\tcpdf_App\system\CodeIgniter.php(410): CodeIgniter\CodeIgniter->runController(Object(App\Controllers\Home))
#7 C:\xampp\htdocs\tcpdf_App\system\CodeIgniter.php(318): CodeIgniter\CodeIgniter->handleRequest(NULL, Object(Config\Cache), false)
#8 C:\xampp\htdocs\tcpdf_App\index.php(37): CodeIgniter\CodeIgniter->run()
#9 {main}
CRITICAL - 2022-01-14 04:41:37 --> define() expects at least 2 arguments, 1 given
#0 C:\xampp\htdocs\tcpdf_App\app\Libraries\pdf.php(1): define('BASEPATH')
#1 C:\xampp\htdocs\tcpdf_App\system\Autoloader\Autoloader.php(264): include_once('C:\\xampp\\htdocs...')
#2 C:\xampp\htdocs\tcpdf_App\system\Autoloader\Autoloader.php(241): CodeIgniter\Autoloader\Autoloader->includeFile('C:\\xampp\\htdocs...')
#3 C:\xampp\htdocs\tcpdf_App\system\Autoloader\Autoloader.php(219): CodeIgniter\Autoloader\Autoloader->loadInNamespace('App\\Libraries\\p...')
#4 C:\xampp\htdocs\tcpdf_App\app\Controllers\Home.php(16): CodeIgniter\Autoloader\Autoloader->loadClass('App\\Libraries\\p...')
#5 C:\xampp\htdocs\tcpdf_App\system\CodeIgniter.php(824): App\Controllers\Home->index()
#6 C:\xampp\htdocs\tcpdf_App\system\CodeIgniter.php(410): CodeIgniter\CodeIgniter->runController(Object(App\Controllers\Home))
#7 C:\xampp\htdocs\tcpdf_App\system\CodeIgniter.php(318): CodeIgniter\CodeIgniter->handleRequest(NULL, Object(Config\Cache), false)
#8 C:\xampp\htdocs\tcpdf_App\index.php(37): CodeIgniter\CodeIgniter->run()
#9 {main}
CRITICAL - 2022-01-14 04:41:46 --> define() expects at least 2 arguments, 1 given
#0 C:\xampp\htdocs\tcpdf_App\app\Libraries\pdf.php(1): define('BASEPATH')
#1 C:\xampp\htdocs\tcpdf_App\system\Autoloader\Autoloader.php(264): include_once('C:\\xampp\\htdocs...')
#2 C:\xampp\htdocs\tcpdf_App\system\Autoloader\Autoloader.php(241): CodeIgniter\Autoloader\Autoloader->includeFile('C:\\xampp\\htdocs...')
#3 C:\xampp\htdocs\tcpdf_App\system\Autoloader\Autoloader.php(219): CodeIgniter\Autoloader\Autoloader->loadInNamespace('App\\Libraries\\p...')
#4 C:\xampp\htdocs\tcpdf_App\app\Controllers\Home.php(16): CodeIgniter\Autoloader\Autoloader->loadClass('App\\Libraries\\p...')
#5 C:\xampp\htdocs\tcpdf_App\system\CodeIgniter.php(824): App\Controllers\Home->index()
#6 C:\xampp\htdocs\tcpdf_App\system\CodeIgniter.php(410): CodeIgniter\CodeIgniter->runController(Object(App\Controllers\Home))
#7 C:\xampp\htdocs\tcpdf_App\system\CodeIgniter.php(318): CodeIgniter\CodeIgniter->handleRequest(NULL, Object(Config\Cache), false)
#8 C:\xampp\htdocs\tcpdf_App\index.php(37): CodeIgniter\CodeIgniter->run()
#9 {main}
CRITICAL - 2022-01-14 10:44:24 --> Unmatched ')'
#0 C:\xampp\htdocs\tcpdf_App\system\View\View.php(217): CodeIgniter\View\View->CodeIgniter\View\{closure}()
#1 C:\xampp\htdocs\tcpdf_App\system\Common.php(1097): CodeIgniter\View\View->render('table', Array, true)
#2 C:\xampp\htdocs\tcpdf_App\app\Controllers\Home.php(10): view('table')
#3 C:\xampp\htdocs\tcpdf_App\system\CodeIgniter.php(824): App\Controllers\Home->index()
#4 C:\xampp\htdocs\tcpdf_App\system\CodeIgniter.php(410): CodeIgniter\CodeIgniter->runController(Object(App\Controllers\Home))
#5 C:\xampp\htdocs\tcpdf_App\system\CodeIgniter.php(318): CodeIgniter\CodeIgniter->handleRequest(NULL, Object(Config\Cache), false)
#6 C:\xampp\htdocs\tcpdf_App\index.php(37): CodeIgniter\CodeIgniter->run()
#7 {main}
CRITICAL - 2022-01-14 19:50:20 --> Undefined array key "startcolumn"
#0 C:\xampp\htdocs\tcpdf_App\vendor\tecnickcom\tcpdf\tcpdf.php(19649): CodeIgniter\Debug\Exceptions->errorHandler(2, 'Undefined array...', 'C:\\xampp\\htdocs...', 19649)
#1 C:\xampp\htdocs\tcpdf_App\vendor\tecnickcom\tcpdf\tcpdf.php(18427): TCPDF->closeHTMLTagHandler(Array, 111, true, 73.148475866667)
#2 C:\xampp\htdocs\tcpdf_App\vendor\tecnickcom\tcpdf\tcpdf.php(5916): TCPDF->writeHTML('<!-- DEBUG-VIEW...', true, false, true, true, '')
#3 C:\xampp\htdocs\tcpdf_App\vendor\tecnickcom\tcpdf\tcpdf.php(17238): TCPDF->MultiCell(189.99764444444, 0, '<!-- DEBUG-VIEW...', 0, '', 0, 1, 10.00125, 10.00125, true, 0, true, true, 0, 'T', false)
#4 C:\xampp\htdocs\tcpdf_App\app\Controllers\Home.php(21): TCPDF->writeHTMLCell(0, 0, '', '', '<!-- DEBUG-VIEW...', 0, 1, 0, true, '', true)
#5 C:\xampp\htdocs\tcpdf_App\system\CodeIgniter.php(824): App\Controllers\Home->printpdf()
#6 C:\xampp\htdocs\tcpdf_App\system\CodeIgniter.php(410): CodeIgniter\CodeIgniter->runController(Object(App\Controllers\Home))
#7 C:\xampp\htdocs\tcpdf_App\system\CodeIgniter.php(318): CodeIgniter\CodeIgniter->handleRequest(NULL, Object(Config\Cache), false)
#8 C:\xampp\htdocs\tcpdf_App\index.php(37): CodeIgniter\CodeIgniter->run()
#9 {main}
